[ 2016-06-21T05:25:11+08:00 ] 42.156.251.188 /
INFO: [ app_init ] --START--
INFO: Run Behavior\BuildLiteBehavior [ RunTime:0.000013s ]
INFO: [ app_init ] --END-- [ RunTime:0.000322s ]
INFO: [ app_begin ] --START--
INFO: Run Behavior\ReadHtmlCacheBehavior [ RunTime:0.000420s ]
INFO: [ app_begin ] --END-- [ RunTime:0.000462s ]
NOTIC: [2] curl_errno(): 25 is not a valid cURL handle resource /www/web/dingding_sijunkeji_com/public_html/Application/Home/Controller/BumenController.class.php 第 41 行.
NOTIC: [2] curl_errno(): 26 is not a valid cURL handle resource /www/web/dingding_sijunkeji_com/public_html/Application/Home/Controller/BumenController.class.php 第 41 行.
INFO: [ view_parse ] --START--
INFO: [ template_filter ] --START--
INFO: Run Behavior\ContentReplaceBehavior [ RunTime:0.000042s ]
INFO: [ template_filter ] --END-- [ RunTime:0.000091s ]
NOTIC: [8] Undefined index: parentid /www/web/dingding_sijunkeji_com/public_html/Application/Runtime/Cache/Home/9782c61351f31d09f766303d0189c1a6.php 第 51 行.
INFO: Run Behavior\ParseTemplateBehavior [ RunTime:0.007273s ]
INFO: [ view_parse ] --END-- [ RunTime:0.007318s ]
INFO: [ view_filter ] --START--
INFO: Run Behavior\WriteHtmlCacheBehavior [ RunTime:0.000244s ]
INFO: [ view_filter ] --END-- [ RunTime:0.000282s ]
INFO: [ app_end ] --START--
INFO: Run Behavior\ShowPageTraceBehavior [ RunTime:0.000525s ]
INFO: [ app_end ] --END-- [ RunTime:0.000570s ]

[ 2016-06-21T09:24:16+08:00 ] 119.147.146.189 /
INFO: [ app_init ] --START--
INFO: Run Behavior\BuildLiteBehavior [ RunTime:0.000015s ]
INFO: [ app_init ] --END-- [ RunTime:0.000360s ]
INFO: [ app_begin ] --START--
INFO: Run Behavior\ReadHtmlCacheBehavior [ RunTime:0.000422s ]
INFO: [ app_begin ] --END-- [ RunTime:0.000465s ]
NOTIC: [2] curl_errno(): 25 is not a valid cURL handle resource /www/web/dingding_sijunkeji_com/public_html/Application/Home/Controller/BumenController.class.php 第 41 行.
NOTIC: [2] curl_errno(): 26 is not a valid cURL handle resource /www/web/dingding_sijunkeji_com/public_html/Application/Home/Controller/BumenController.class.php 第 41 行.
INFO: [ view_parse ] --START--
INFO: [ template_filter ] --START--
INFO: Run Behavior\ContentReplaceBehavior [ RunTime:0.000043s ]
INFO: [ template_filter ] --END-- [ RunTime:0.000098s ]
NOTIC: [8] Undefined index: parentid /www/web/dingding_sijunkeji_com/public_html/Application/Runtime/Cache/Home/9782c61351f31d09f766303d0189c1a6.php 第 51 行.
INFO: Run Behavior\ParseTemplateBehavior [ RunTime:0.007571s ]
INFO: [ view_parse ] --END-- [ RunTime:0.007618s ]
INFO: [ view_filter ] --START--
INFO: Run Behavior\WriteHtmlCacheBehavior [ RunTime:0.000254s ]
INFO: [ view_filter ] --END-- [ RunTime:0.000298s ]
INFO: [ app_end ] --START--
INFO: Run Behavior\ShowPageTraceBehavior [ RunTime:0.000495s ]
INFO: [ app_end ] --END-- [ RunTime:0.000546s ]

