[ 2016-06-18T05:24:03+08:00 ] 42.156.251.185 /
INFO: [ app_init ] --START--
INFO: Run Behavior\BuildLiteBehavior [ RunTime:0.000018s ]
INFO: [ app_init ] --END-- [ RunTime:0.000380s ]
INFO: [ app_begin ] --START--
INFO: Run Behavior\ReadHtmlCacheBehavior [ RunTime:0.000485s ]
INFO: [ app_begin ] --END-- [ RunTime:0.000528s ]
NOTIC: [2] curl_errno(): 25 is not a valid cURL handle resource /www/web/dingding_sijunkeji_com/public_html/Application/Home/Controller/BumenController.class.php 第 41 行.
NOTIC: [2] curl_errno(): 26 is not a valid cURL handle resource /www/web/dingding_sijunkeji_com/public_html/Application/Home/Controller/BumenController.class.php 第 41 行.
INFO: [ view_parse ] --START--
INFO: [ template_filter ] --START--
INFO: Run Behavior\ContentReplaceBehavior [ RunTime:0.000049s ]
INFO: [ template_filter ] --END-- [ RunTime:0.000111s ]
NOTIC: [8] Undefined index: parentid /www/web/dingding_sijunkeji_com/public_html/Application/Runtime/Cache/Home/9782c61351f31d09f766303d0189c1a6.php 第 51 行.
INFO: Run Behavior\ParseTemplateBehavior [ RunTime:0.006943s ]
INFO: [ view_parse ] --END-- [ RunTime:0.006990s ]
INFO: [ view_filter ] --START--
INFO: Run Behavior\WriteHtmlCacheBehavior [ RunTime:0.000199s ]
INFO: [ view_filter ] --END-- [ RunTime:0.000236s ]
INFO: [ app_end ] --START--
INFO: Run Behavior\ShowPageTraceBehavior [ RunTime:0.000477s ]
INFO: [ app_end ] --END-- [ RunTime:0.000523s ]

